TN:verilator_coverage
SF:../vc/trace.v
DA:20,1204
DA:21,2
DA:44,0
DA:45,0
DA:49,0
DA:62,0
DA:63,0
DA:64,0
DA:65,0
DA:71,783
DA:72,783
DA:80,0
DA:85,0
DA:86,0
DA:88,0
DA:89,0
DA:90,0
DA:93,0
DA:95,0
DA:96,0
DA:97,0
DA:99,0
DA:100,0
DA:103,0
DA:113,0
DA:118,0
DA:120,0
DA:121,0
DA:123,0
DA:124,0
DA:125,0
DA:126,0
DA:129,0
DA:139,0
DA:145,0
DA:146,0
DA:147,0
DA:149,0
DA:150,0
DA:151,0
DA:152,0
DA:153,0
DA:155,0
DA:156,0
DA:159,0
DA:169,0
DA:175,0
DA:177,0
DA:178,0
DA:179,0
DA:182,0
DA:183,0
DA:184,0
DA:185,0
DA:186,0
DA:187,0
DA:188,0
DA:199,0
DA:206,0
DA:208,0
DA:209,0
DA:210,0
DA:213,0
DA:214,0
DA:216,0
DA:217,0
DA:219,0
DA:220,0
DA:221,0
DA:223,0
DA:224,0
DA:225,0
DA:227,0
DA:228,0
DA:229,0
end_of_record
SF:IntMulAlt.v
DA:20,423
DA:21,1
DA:23,20
DA:24,21
DA:25,1
DA:27,34
DA:28,13
DA:29,1
DA:37,20
DA:39,4
DA:40,8
DA:42,4
DA:43,8
DA:44,1
DA:45,6
DA:46,41
DA:47,0
DA:48,21
DA:49,20
DA:50,20
DA:59,211
DA:60,3
DA:61,3
DA:62,3
DA:63,3
DA:64,3
DA:65,3
DA:66,3
DA:67,3
DA:69,208
DA:70,208
DA:71,47
DA:72,47
DA:73,47
DA:74,47
DA:75,47
DA:76,47
DA:77,47
DA:80,151
DA:81,151
DA:82,151
DA:83,151
DA:84,151
DA:85,151
DA:87,10
DA:89,0
DA:90,10
DA:91,10
DA:93,208
DA:98,0
DA:99,0
DA:100,20
DA:101,182
DA:102,10
DA:103,141
DA:104,0
DA:105,0
DA:106,0
DA:111,705
DA:112,705
DA:113,705
DA:114,705
DA:115,705
DA:116,705
DA:117,705
DA:118,705
DA:120,30
DA:121,30
DA:122,30
DA:123,30
DA:124,30
DA:126,541
DA:128,541
DA:129,5263
DA:130,0
DA:131,0
DA:132,0
DA:136,158
DA:137,383
DA:138,383
DA:139,383
DA:141,158
DA:142,158
DA:143,158
DA:145,541
DA:147,50
DA:148,84
DA:150,50
DA:151,50
DA:152,50
end_of_record
SF:IntMulBase.v
DA:21,781
DA:22,1
DA:24,20
DA:25,21
DA:26,1
DA:28,20
DA:29,13
DA:30,1
DA:39,20
DA:41,4
DA:42,6
DA:43,0
DA:44,4
DA:45,6
DA:46,1
DA:47,20
DA:49,3
DA:56,390
DA:57,3
DA:58,3
DA:59,3
DA:60,3
DA:61,3
DA:62,3
DA:64,387
DA:65,47
DA:66,47
DA:67,47
DA:68,47
DA:69,47
DA:70,47
DA:71,47
DA:73,330
DA:74,330
DA:75,330
DA:76,330
DA:77,330
DA:78,330
DA:79,10
DA:81,0
DA:82,10
DA:83,10
DA:85,387
DA:90,0
DA:91,0
DA:92,20
DA:93,154
DA:94,10
DA:95,320
DA:96,0
DA:97,0
DA:98,0
DA:103,0
DA:104,0
DA:105,0
DA:106,0
DA:107,0
DA:109,30
DA:110,30
DA:111,30
DA:112,30
DA:113,30
DA:115,1154
DA:116,301
DA:117,301
DA:119,853
DA:120,853
DA:123,1154
DA:124,1154
DA:126,1154
DA:128,0
DA:129,30
DA:131,0
end_of_record
SF:IntMulSimple.v
DA:35,182
DA:36,182
DA:37,34
DA:38,34
DA:41,182
DA:42,182
DA:46,0
DA:47,0
DA:48,0
DA:49,68
DA:50,68
DA:51,68
DA:53,92
DA:54,92
end_of_record
SF:tb_IntMul.v
DA:20,0
DA:23,2
DA:25,40
DA:26,42
DA:27,2
DA:29,26
DA:30,54
DA:31,1
DA:34,0
DA:35,0
DA:37,2
DA:38,4
DA:41,0
DA:42,0
DA:43,0
DA:44,0
DA:45,0
DA:63,0
DA:64,1
DA:65,1
DA:66,391
DA:67,391
DA:68,0
DA:69,212
DA:70,0
DA:71,184
DA:72,0
DA:111,0
DA:113,1
DA:114,0
DA:115,0
DA:116,0
DA:117,0
DA:118,2
DA:119,2
DA:120,0
DA:121,1
DA:122,0
DA:123,2
DA:124,2
DA:125,0
DA:126,0
DA:128,0
DA:130,0
DA:132,0
DA:134,2
DA:135,0
DA:136,1
DA:137,0
DA:138,2
DA:139,2
DA:140,0
DA:141,0
DA:145,0
DA:169,0
DA:171,0
DA:179,0
DA:203,0
DA:205,0
DA:213,0
DA:237,0
DA:239,0
DA:251,5
DA:252,5
DA:275,5
DA:276,5
DA:280,10
DA:281,10
DA:285,0
DA:291,0
DA:309,0
DA:315,0
DA:342,0
DA:348,26
end_of_record
